100
0 1137 1687 231 1422 322 1071 12 146 1462 60 3376 25 192 8414 4460 2428 1579 223 2108 720 5359 965 422 15 61 1884 397 2556 4577 236
1 425 93 123 237 13 505 281 4040 186 4589 11 568 435 600 288 41 184 38 1473 74 43 543 742 99 1073 615 398 159 108 426 92 56 96 121 869 3198
2 9 24 3 15 38 5 12 96 287 146 81 119 60 179 25 42 323 55 16 132 210 239 307 521 464 215 77 238 518 20 69 797
3 217 40 299 23 144 256 136 58 180 345 50 48 1358 130 71 1062 254 9355 352 5 715 73 364 8 528 125 208 459 19 37 175 62 356 3097
4 2348 180 511 558 73 118 112 1013 2460 470 546 36 2052 362 308 72 1209 3689 115 2195 174 170 890 278 637 779 2445 1377 963 4791 404 859
5 10 35 422 61 109 128 251 207 786 611 0 209 716 510 315 97 28 17 3901 40 1438 64 214 201 120 299 84 62 699 384 374 55 155 1958
6 34 13 137 17 82 108 2 119 41 99 54 121 210 75 6 29 954 7 44 10 95 20 498 21 83 52 789 205 3794 90 773 63 100 145 8 1334 1310
7 3 9 24 11 93 288 51 756 66 13 35 15 331 36 34 38 60 5 47 7 796 14 49 17 2 82 610 108 10 96 155 102 56 198 184 107 27 896 554 1310 7624
8 29 593 222 88 28 250 147 605 106 2226 1309 53 86 752 2908 1680 177 450 105 23 144 181 344 245 84 127 131 27 293 139 65 240 574 135 290 485 3774 1290
9 231 47 109 6 44 238 269 16 83 31 29 0 119 510 21 103 110 88 196 39 472 53 2914 120 1103 84 425 23 45 289 51 10 507 131 65 135 138 6729
10 138 28 196 17 86 55 23 144 45 68 10 245 519 47 127 131 382 293 339 256 65 183 59 46 26 123 846 2628 13 94 129 67 8 859
11 51 231 41 61 327 4 75 6 124 10 181 111 83 52 19 29 0 209 477 347 21 191 90 17 63 772 40 162 72 139 252
12 18 9 322 12 60 192 5 223 55 99 2 122 6 251 105 22 34 35 77 624 16 169 157 29 0 716 26 87 21 120 632 27 583 1263 1502 1310
13 567 19 302 112 62 101 14 249 393 4 165 142 36 320 308 72 419 1 18 7325 267 757 227 64 731 467 944 232 115 325 174 750 244 176 494 1482 7242
14 201 450 245 32 78 8168 154 70 290 153 345 50 503 705 71 281 148 73 178 329 125 248 2555 118 304 62 173 101 14 249 393 36 362 1931 1 653 681 3054 166 6604
15 19 92 5 231 7 51 146 25 41 309 4 27 75 6 96 44 95 20 181 169 138 83 52 31 205 113 21 88 173 28 90 17 63 147 772 217 404 7585
16 256 2083 846 1185 898 323 997 1278 130 160 643 252 1189 37 134 175 149 302 112 462 1136 4 165 142 582 320 2052 431 394 355 4371
17 34 5278 87 461 354 641 380 420 602 2333 273 59 26 617 1185 1352 759 642 150 406 751 352 111 265 2399 73 178 329 252 37 164 6049 583
18 95 450 23 245 32 189 567 89 59 46 54 1019 123 13 94 129 156 2688 135 20 30 136 559 79 50 8 48 836 57 2404 44 265 19 37 118 1052 355
19 478 78 139 46 718 67 20 79 124 153 100 347 654 353 94 5 265 2193 73 63 208 19 37 2555 134 175 149 539 1136 62 14 536 72 330 355 138 708 5926 1737
20 12 24 60 5 422 61 16 75 56 49 6 7 994 31 0 716 140 33 57 28 3604 354 2849 214 299 632 155 603 23 10 127 41 420 339 709 8 1290
21 322 12 25 74 606 129 47 128 50 2 49 6 207 651 96 1828 298 124 1260 83 31 463 0 26 87 27 103 110 583
22 893 133 197 309 162 109 307 6 251 207 7 298 44 405 269 16 21 83 52 555 1496 31 29 225 0 132 209 87 205 143 57 229 9517 120 126 1290
23 1071 4 47 49 122 29 44 95 269 4319 21 83 611 2169 414 31 1804 113 90 106 1123 39 162 1438 53 86 216 84 374 107 27 139 554 2060
24 104 91 186 184 88 115 236 80 426 210 128 269 414 31 225 27 113 103 28 680 250 147 605 354 217 259 641 53 86 214 1180 23 1805 679 65 2264
25 147 105 107 45 68 2494 127 131 380 602 46 240 846 13 156 20 70 48 24 130 1112 352 44 353 5 558 73 178 8 125 252 37 118 164 120 583 2264
26 42 66 80 99 27 47 210 122 105 882 158 0 205 222 461 250 53 86 201 137 120 299 234 1180 797 62 3 177 39 68 70 1656 126 5381
27 17 12 24 119 45 15 115 16 197 121 47 331 122 35 169 218 157 693 30 414 33 57 172 110 191 377 90 196 220 53 39 2020 216 376 299 164 552 176
28 128 383 49 35 144 121 478 0 29 44 20 181 1494 21 83 52 2329 205 315 1694 81 97 444 173 69 1074 196 63 612 272 53 104 198 253 120 84 621
29 281 223 169 330 0 510 229 137 289 127 478 274 380 575 139 13 67 156 975 194 30 58 559 79 290 153 345 8 357 48 836 442 715 5661
30 625 2076 347 1132 9 294 2385 4378 234 435 1717 78 575 602 399 13 5066 94 327 7852 3174 898 532 67 1904 156 9332 311 323 2688 3768 574 9897 968 5526 1173
31 43 14 96 11 60 61 16 132 309 162 47 128 56 122 105 215 141 298 77 405 169 424 31 463 26 222 172 408 69 28 2977 102 554 1958
32 32 1 30 97 104 19 180 22 339 137 1368 4227 51 3053 6614 8949 6779 4048 6052 91 2498 6045 2594 1009 3160 82 1725 101 5246 3511 138 968 5921
33 222 21 377 145 120 299 23 263 84 32 382 602 89 1333 54 1019 617 1145 311 988 154 574 136 58 2348 642 180 3624 57 71 228 160 2580 44 353 252 193 176 404 2848
34 60 38 16 1742 209 3794 69 680 121 39 201 137 216 3 384 177 410 23 68 45 263 51 344 10 245 519 47 866 171 189 65 89 2688 8 1173 2153
35 50 454 503 836 71 254 281 6012 111 8 37 118 305 62 101 14 165 142 36 431 72 419 1 18 1427 66 653 227 64 467 899 388 2371
36 292 107 407 434 131 59 230 94 67 1771 323 58 153 642 1034 406 48 1358 2659 751 148 73 1412 396 252 37 134 149 302 1741 112 101 249 1045 164
37 26 18 17 11 45 41 15 88 1029 129 128 35 141 77 44 691 1 52 30 31 463 143 315 21 191 444 28 90 100 198 84 155 968 1089 3097
38 134 302 112 462 470 591 304 101 14 249 546 4 165 142 582 320 3993 72 419 1 535 66 757 227 1107 549 735 253 355 6656
39 162 796 7 2207 119 143 33 110 377 88 17 106 2226 598 39 259 102 287 86 1369 1103 84 1973 45 68 237 10 646 11 47 130 339 139 65 273 148 176 138 1671 5921
40 521 405 106 538 292 53 105 23 68 127 78 89 183 59 46 230 3761 975 154 20 136 79 487 180 150 357 148 1482
41 625 27 283 181 716 33 3508 250 53 259 876 162 64 145 699 177 50 11 368 382 171 139 59 46 54 230 26 123 13 156 135 2076 290 252 4247
42 162 935 132 9338 1552 3617 588 7431 172 8871 7854 1713 1643 1123 1449 772 1788 9836 3234 472 3901 102 292 86 9517 708 2862 1369 3989 1263 1778 1522 6092 4568 1656 8 138 2153 3097
43 10 380 67 8 352 44 111 73 19 557 37 118 134 149 539 2460 470 304 62 76 101 14 249 4 522 36 582 320 220 72 5985 5661
44 6689 127 368 339 256 136 1933 150 48 352 178 364 528 248 37 118 175 149 1183 112 62 101 4 165 536 142 522 36 582 1476 72 330 681 708
45 3 9 32 1 26 24 11 42 91 15 34 123 60 5 7 18 8 17 2 82 12 287 81 56 25 38 74 397 55 236 133 1125 194 138 69 7055
46 87 7408 1356 2167 1944 50 2729 289 11 1324 664 507 274 130 3571 4719 4929 255 420 2341 844 8654 7209 2373 2816 718 240 1019 123 846 8168 2628 1771 2659 5482 1502
47 192 138 31 225 383 995 598 4738 1788 214 229 201 1680 344 368 293 339 65 89 311 194 135 70 136 58 642 345 8 357 454 8614 48 503 3624 228 126 193
48 9 2825 133 99 75 34 22 7 405 218 887 330 29 383 205 33 315 21 461 88 69 28 17 147 106 104 598 198 876 40 641 292 164 55 285 1384 252 4247
49 5 60 15 7 1260 138 132 675 8973 1842 425 374 68 45 10 646 11 519 32 47 171 139 59 26 13 94 617 975 9897 70 1352 153 642 1522 148 1671 2591
50 322 592 53 86 380 46 240 154 194 1063 20 70 136 58 79 894 487 50 357 48 71 228 2787 352 111 5 265 2399 19 126 176 1482
51 14 431 72 1 1427 5534 64 5 200 23 160 749 579 113 8783 335 811 196 477 241 173 34 31 6773 191 910 226 743 19
52 406 654 71 2190 265 715 1469 248 37 173 249 4 448 365 4135 431 531 267 66 227 64 467 232 242 244 310 753 2442 300 275 341 982 114 355
53 92 1579 7367 54 121 398 110 109 2268 2107 251 807 207 215 20 456 225 1218 1704 1552 461 250 241 100 6642 216 2908 384 760 55 23 176 1495
54 115 2 88 32 331 109 34 35 30 14 27 143 18 57 773 1039 17 489 39 40 928 484 1337 376 164 62 3 398 144 180 1001 51 4742 99 273 74 442 184
55 115 322 12 146 25 41 88 80 57 129 1459 4 27 283 2 76 49 6 34 298 44 124 16 218 414 31 29 0 909 103 583 3244 1263
56 25 283 181 33 63 250 40 214 201 62 177 410 263 344 6884 282 274 382 89 59 46 327 156 1021 154 1063 30 58 406 148 19 485 5276 3756 1315
57 43 38 91 422 17 45 116 54 119 197 358 55 16 132 46 110 76 109 131 196 77 10 111 218 59 26 33 349 1017 28 224 145 968 3975
58 294 326 399 3768 180 24 7501 2659 254 281 751 352 94 2193 73 364 528 396 248 459 37 118 134 175 302 1741 539 305 172 859 3110
59 866 282 189 230 123 13 67 194 70 136 58 79 180 48 1358 24 254 160 94 73 178 364 8 1412 125 37 118 149 305 172 462 470 126 621 725 1334
60 99 122 105 77 143 113 28 90 106 217 229 137 216 299 760 552 107 68 344 78 130 293 59 123 67 311 154 194 58 2848 5554
61 56 1227 105 2410 456 42 1460 815 408 103 7672 795 369 53 229 182 2484 374 213 2976 68 226 93 1299 2494 6884 72 70 285 4972 275 126 1495
62 414 17 100 3604 3234 876 875 473 107 144 245 445 47 131 4928 282 255 382 171 189 139 65 273 89 183 846 13 67 156 135 58 559 290 345 148 63 176 138 7624 1263
63 1123 752 866 255 3935 59 46 26 1019 123 13 67 3092 997 30 58 487 449 48 654 254 352 353 111 148 715 329 125 248 557 37 118 112 1052
64 410 282 399 89 46 240 13 20 30 79 100 50 48 71 352 111 265 63 248 193 208 19 37 118 302 172 591 304 62 173 14 142 1434
65 47 1108 432 5412 220 241 100 106 259 1491 64 22 155 177 603 835 2287 127 646 32 434 679 41 4 171 256 567 183 54 135 1352 3767 1954
66 307 3989 293 20 30 654 130 111 511 178 252 118 591 393 36 582 448 220 362 336 308 2142 431 531 419 394 1 436 681 1597 355 138
67 32 1 26 60 18 9 82 152 279 2 155 11 35 323 606 57 54 27 260 34 50 283 105 22 215 141 77 52 14 670 87 1679 1290
68 279 132 309 162 76 109 215 452 98 786 424 113 110 191 377 28 592 39 3293 64 292 214 84 384 23 45 131 3571 255 41 183 135 4266
69 66 1003 1107 496 113 91 4428 3229 177 166 469 237 283 2367 224 3561 24 291 84 63 308 247 146 1250 371 9 216 281 200 904 4127 243 388 6165
70 121 75 35 298 95 52 225 205 315 250 100 147 253 752 62 410 226 10 368 46 240 54 13 129 3092 20 136 487 1034 150 63 329 1412 193 176
71 101 80 651 105 22 1255 1496 670 225 143 2212 86 3299 182 177 68 2455 70 445 507 339 65 399 89 1384 2805 290 759 2348 153 150 252 1495
72 6092 664 4929 171 65 1333 1384 1019 846 156 1021 136 79 180 150 357 48 3624 57 1358 1974 254 228 558 364 252 208 37 134 175 149 1183 112 62 536 184 267 356 1958 3102
73 1039 2201 282 41 293 13 898 156 574 3449 70 136 58 79 1494 124 642 180 150 48 705 1358 130 71 1062 254 228 160
74 80 54 1346 1304 1583 374 282 65 59 230 129 79 124 100 150 1447 48 4372 705 654 254 160 6215 111 5 715 73 125 788 248 19 5011
75 92 25 1073 129 34 98 19 30 29 209 87 97 191 173 90 489 147 106 64 216 1337 62 384 45 51 245 679 127 59 26 20 442 356 583 3244
76 15 47 128 34 35 52 31 0 140 21 110 88 28 17 100 354 104 53 86 137 55 155 177 39 552 105 23 107 45 646 11 245 519 84 282 139 3849
77 118 134 302 112 305 173 142 36 582 419 1 18 66 653 227 2378 115 32 1228 806 730 114 449 402 512 2398 228 201 233 1258 331 501 725
78 251 1260 555 57 172 88 102 292 875 23 1805 45 1299 68 263 245 70 285 171 65 89 183 240 230 94 67 1452 135 124 894 153 345 8 7918 454 63 2614 1502
79 115 12 279 119 61 88 80 116 260 76 6 238 498 169 157 31 140 87 27 57 21 110 28 17 220 354 598 39 259 538 145 164 473 23 131 65 1452 135 329
80 52 680 86 214 229 137 105 50 144 68 127 131 255 382 171 420 844 230 26 846 13 94 67 156 311 988 135 20 1572 2780 708 2060
81 74 239 95 994 209 87 143 33 113 1017 110 241 147 104 1123 772 217 259 876 64 2939 86 145 928 216 84 164 182 1583 155 869 1597 1958 9584
82 61 31 461 508 641 145 137 263 507 32 478 131 78 420 189 2739 339 3935 89 718 230 7852 67 156 194 3449 135 70 136 58 559 8 869
83 49 11 133 162 140 540 2552 69 106 39 102 3293 641 84 473 23 144 407 519 47 78 282 326 2739 139 65 89 1333 183 2373 46 13 1352 79 148 329 1476 3244
84 24 25 15 54 129 4 75 34 2 49 6 464 22 7 124 95 181 157 83 330 14 0 132 140 33 57 222 90 106 39 102 145 1737
85 384 274 171 139 183 574 70 30 559 79 124 153 48 4372 503 836 1112 352 111 5 715 73 178 125 248 193 459 19 37 134 175 149 302 2035 2460 470 184 1554 138
86 9 30 24 3 13 43 38 18 8 4048 91 14 49 152 96 2 11 60 25 35 45 15 55 1702 16 133 1459 625 0 47 210 34 50 22 121
87 26 3 18 9 8 949 2334 677 5136 24 5469 2978 7013 2340 1208 81 5561 7301 1512 2509 717 5820 5675 5414 2288 5046 8738 8600 1558 257 358 1265 2841 2848
88 98 691 1260 2718 1 887 1282 157 83 786 2207 456 611 3203 1068 9358 7085 2169 9967 1496 2322 330 4171 1223 1405 424 7688 209 1704 716 714 383 2485 140 510 2329 593 4829 3457 2212 120
89 1033 215 1255 218 424 205 33 81 592 100 472 508 102 64 53 1008 603 107 68 226 144 127 10 646 245 519 74 487 1495 867
90 92 43 287 42 184 55 54 129 4 76 96 22 3223 6160 4479 2209 1808 1828 655 141 3814 158 124 238 8461 1110 1776 4329 452 7266 3977 3022 218 7245 19 9054 2899
91 663 384 180 150 50 654 71 281 228 160 125 788 248 193 37 134 112 539 1287 546 165 142 164 36 448 320 2052 308 72 419 18 176 355 3244
92 42 293 130 176 2482 451 152 36 166 120 279 774 179 756 1799 45 316 5 323 66 115 4366 116 194 160 1273 57 4313 327 128 796 50 1862
93 152 1103 144 237 181 32 866 327 154 30 449 150 345 454 8614 503 705 71 281 160 352 353 125 459 1269 118 462 470 4 142 1052 1006 549
94 1788 1008 632 374 1973 552 23 107 237 368 131 282 130 171 420 189 293 65 709 399 59 67 156 311 975 135 70 79 153 347 148 73 178 1412 193 653 355 2402 900
95 326 399 240 988 154 487 150 48 71 254 1112 160 352 353 148 265 715 73 364 329 248 193 208 37 134 175 149 1183 1136 62 165 536 142 268
96 239 49 693 140 593 143 33 81 354 508 287 53 214 145 120 84 760 450 344 11 131 1563 189 65 59 46 123 156 58 442 2818
97 11 60 192 5 61 99 132 54 109 76 6 215 7 298 44 124 10 405 95 691 21 138 83 52 670 31 29 26 140 510 27 88 69 28 120 107 2780
98 82 42 55 236 54 260 75 109 2 76 6 215 77 44 269 16 157 52 29 27 540 205 21 110 377 28 17 592 63 2752 121 147 106 229 120 3097 3684
99 130 2498 101 12 166 119 568 5 15 742 160 54 75 6 29 7 1541 238 95 269 21 138 555 143 33 113 191 90 1074 3508 63 100 252
